-outxml
-source
1.6
-target
1.6
-classpath
/Users/Jeff/.m2/repository/antlr/antlr/2.7.6/antlr-2.7.6.jar:/Users/Jeff/.m2/repository/aopalliance/aopalliance/1.0/aopalliance-1.0.jar:/Users/Jeff/.m2/repository/cglib/cglib-nodep/2.2/cglib-nodep-2.2.jar:/Users/Jeff/.m2/repository/commons-beanutils/commons-beanutils/1.8.0/commons-beanutils-1.8.0.jar:/Users/Jeff/.m2/repository/commons-codec/commons-codec/1.2/commons-codec-1.2.jar:/Users/Jeff/.m2/repository/commons-collections/commons-collections/3.1/commons-collections-3.1.jar:/Users/Jeff/.m2/repository/commons-dbcp/commons-dbcp/1.3/commons-dbcp-1.3.jar:/Users/Jeff/.m2/repository/commons-digester/commons-digester/2.0/commons-digester-2.0.jar:/Users/Jeff/.m2/repository/commons-fileupload/commons-fileupload/1.2.1/commons-fileupload-1.2.1.jar:/Users/Jeff/.m2/repository/commons-httpclient/commons-httpclient/3.1/commons-httpclient-3.1.jar:/Users/Jeff/.m2/repository/commons-logging/commons-logging/1.0.4/commons-logging-1.0.4.jar:/Users/Jeff/.m2/repository/commons-pool/commons-pool/1.5.4/commons-pool-1.5.4.jar:/Users/Jeff/.m2/repository/dom4j/dom4j/1.6.1/dom4j-1.6.1.jar:/Users/Jeff/.m2/repository/javassist/javassist/3.9.0.GA/javassist-3.9.0.GA.jar:/Users/Jeff/.m2/repository/javax/el/el-api/1.0/el-api-1.0.jar:/Users/Jeff/.m2/repository/javax/servlet/jstl/1.2/jstl-1.2.jar:/Users/Jeff/.m2/repository/javax/servlet/servlet-api/2.5/servlet-api-2.5.jar:/Users/Jeff/.m2/repository/javax/servlet/jsp/jsp-api/2.1/jsp-api-2.1.jar:/Users/Jeff/.m2/repository/javax/transaction/jta/1.1/jta-1.1.jar:/Users/Jeff/.m2/repository/javax/validation/validation-api/1.0.0.GA/validation-api-1.0.0.GA.jar:/Users/Jeff/.m2/repository/joda-time/joda-time/1.6/joda-time-1.6.jar:/Users/Jeff/.m2/repository/junit/junit/4.8.1/junit-4.8.1.jar:/Users/Jeff/.m2/repository/log4j/log4j/1.2.16/log4j-1.2.16.jar:/Users/Jeff/.m2/repository/net/sf/flexjson/flexjson/2.0/flexjson-2.0.jar:/Users/Jeff/.m2/repository/org/apache/tiles/tiles-api/2.2.1/tiles-api-2.2.1.jar:/Users/Jeff/.m2/repository/org/apache/tiles/tiles-core/2.2.1/tiles-core-2.2.1.jar:/Users/Jeff/.m2/repository/org/apache/tiles/tiles-jsp/2.2.1/tiles-jsp-2.2.1.jar:/Users/Jeff/.m2/repository/org/apache/tiles/tiles-servlet/2.2.1/tiles-servlet-2.2.1.jar:/Users/Jeff/.m2/repository/org/apache/tiles/tiles-template/2.2.1/tiles-template-2.2.1.jar:/Users/Jeff/.m2/repository/org/aspectj/aspectjrt/1.6.10/aspectjrt-1.6.10.jar:/Users/Jeff/.m2/repository/org/aspectj/aspectjweaver/1.6.10/aspectjweaver-1.6.10.jar:/Users/Jeff/.m2/repository/org/hibernate/hibernate-annotations/3.5.5-Final/hibernate-annotations-3.5.5-Final.jar:/Users/Jeff/.m2/repository/org/hibernate/hibernate-commons-annotations/3.2.0.Final/hibernate-commons-annotations-3.2.0.Final.jar:/Users/Jeff/.m2/repository/org/hibernate/hibernate-core/3.5.5-Final/hibernate-core-3.5.5-Final.jar:/Users/Jeff/.m2/repository/org/hibernate/hibernate-entitymanager/3.5.5-Final/hibernate-entitymanager-3.5.5-Final.jar:/Users/Jeff/.m2/repository/org/hibernate/hibernate-validator/4.1.0.Final/hibernate-validator-4.1.0.Final.jar:/Users/Jeff/.m2/repository/org/hibernate/javax/persistence/hibernate-jpa-2.0-api/1.0.0.Final/hibernate-jpa-2.0-api-1.0.0.Final.jar:/Users/Jeff/.m2/repository/org/hsqldb/hsqldb/1.8.0.10/hsqldb-1.8.0.10.jar:/Users/Jeff/.m2/repository/org/mongodb/mongo-java-driver/1.4/mongo-java-driver-1.4.jar:/Users/Jeff/.m2/repository/org/slf4j/jcl-over-slf4j/1.6.1/jcl-over-slf4j-1.6.1.jar:/Users/Jeff/.m2/repository/org/slf4j/slf4j-api/1.6.1/slf4j-api-1.6.1.jar:/Users/Jeff/.m2/repository/org/slf4j/slf4j-log4j12/1.6.1/slf4j-log4j12-1.6.1.jar:/Users/Jeff/.m2/repository/org/springframework/spring-aop/3.0.5.RELEASE/spring-aop-3.0.5.RELEASE.jar:/Users/Jeff/.m2/repository/org/springframework/spring-asm/3.0.5.RELEASE/spring-asm-3.0.5.RELEASE.jar:/Users/Jeff/.m2/repository/org/springframework/spring-aspects/3.0.5.RELEASE/spring-aspects-3.0.5.RELEASE.jar:/Users/Jeff/.m2/repository/org/springframework/spring-beans/3.0.5.RELEASE/spring-beans-3.0.5.RELEASE.jar:/Users/Jeff/.m2/repository/org/springframework/spring-context/3.0.5.RELEASE/spring-context-3.0.5.RELEASE.jar:/Users/Jeff/.m2/repository/org/springframework/spring-context-support/3.0.5.RELEASE/spring-context-support-3.0.5.RELEASE.jar:/Users/Jeff/.m2/repository/org/springframework/spring-core/3.0.5.RELEASE/spring-core-3.0.5.RELEASE.jar:/Users/Jeff/.m2/repository/org/springframework/spring-expression/3.0.5.RELEASE/spring-expression-3.0.5.RELEASE.jar:/Users/Jeff/.m2/repository/org/springframework/spring-jdbc/3.0.5.RELEASE/spring-jdbc-3.0.5.RELEASE.jar:/Users/Jeff/.m2/repository/org/springframework/spring-orm/3.0.5.RELEASE/spring-orm-3.0.5.RELEASE.jar:/Users/Jeff/.m2/repository/org/springframework/spring-test/3.0.5.RELEASE/spring-test-3.0.5.RELEASE.jar:/Users/Jeff/.m2/repository/org/springframework/spring-tx/3.0.5.RELEASE/spring-tx-3.0.5.RELEASE.jar:/Users/Jeff/.m2/repository/org/springframework/spring-web/3.0.5.RELEASE/spring-web-3.0.5.RELEASE.jar:/Users/Jeff/.m2/repository/org/springframework/spring-webmvc/3.0.5.RELEASE/spring-webmvc-3.0.5.RELEASE.jar:/Users/Jeff/.m2/repository/org/springframework/roo/org.springframework.roo.annotations/1.1.0.RELEASE/org.springframework.roo.annotations-1.1.0.RELEASE.jar:/Users/Jeff/.m2/repository/org/springframework/webflow/spring-js-resources/2.2.0.RELEASE/spring-js-resources-2.2.0.RELEASE.jar:/Users/Jeff/.m2/repository/xml-apis/xml-apis/1.0.b2/xml-apis-1.0.b2.jar:/Users/Jeff/Documents/workspaces/workspace-sts-2.5.1.RELEASE/AppirioCareers/target/classes
-aspectpath
/Users/Jeff/.m2/repository/org/springframework/spring-aspects/3.0.5.RELEASE/spring-aspects-3.0.5.RELEASE.jar
-d
/Users/Jeff/Documents/workspaces/workspace-sts-2.5.1.RELEASE/AppirioCareers/target/classes
/Users/Jeff/Documents/workspaces/workspace-sts-2.5.1.RELEASE/AppirioCareers/src/main/java/com/appirio/jobs/web/HomeController.java
/Users/Jeff/Documents/workspaces/workspace-sts-2.5.1.RELEASE/AppirioCareers/src/main/java/com/appirio/jobs/domain/SmsMessage.java
/Users/Jeff/Documents/workspaces/workspace-sts-2.5.1.RELEASE/AppirioCareers/src/main/java/org/json/JSONString.java
/Users/Jeff/Documents/workspaces/workspace-sts-2.5.1.RELEASE/AppirioCareers/src/main/java/com/appirio/jobs/test/MongoTest.java
/Users/Jeff/Documents/workspaces/workspace-sts-2.5.1.RELEASE/AppirioCareers/src/main/java/org/json/JSONObject.java
/Users/Jeff/Documents/workspaces/workspace-sts-2.5.1.RELEASE/AppirioCareers/src/main/java/org/json/JSONArray.java
/Users/Jeff/Documents/workspaces/workspace-sts-2.5.1.RELEASE/AppirioCareers/src/main/java/com/twilio/sdk/TwilioRestClient.java
/Users/Jeff/Documents/workspaces/workspace-sts-2.5.1.RELEASE/AppirioCareers/src/main/java/com/appirio/jobs/domain/Job.java
/Users/Jeff/Documents/workspaces/workspace-sts-2.5.1.RELEASE/AppirioCareers/src/main/java/com/appirio/jobs/web/JobController.java
/Users/Jeff/Documents/workspaces/workspace-sts-2.5.1.RELEASE/AppirioCareers/src/main/java/com/appirio/jobs/test/JobSetup.java
/Users/Jeff/Documents/workspaces/workspace-sts-2.5.1.RELEASE/AppirioCareers/src/main/java/org/json/JSONException.java
/Users/Jeff/Documents/workspaces/workspace-sts-2.5.1.RELEASE/AppirioCareers/src/main/java/org/json/JSONTokener.java
/Users/Jeff/Documents/workspaces/workspace-sts-2.5.1.RELEASE/AppirioCareers/src/main/java/com/twilio/sdk/TwilioRestResponse.java
/Users/Jeff/Documents/workspaces/workspace-sts-2.5.1.RELEASE/AppirioCareers/src/main/java/com/appirio/jobs/web/OAuthController.java
/Users/Jeff/Documents/workspaces/workspace-sts-2.5.1.RELEASE/AppirioCareers/src/main/java/com/twilio/sdk/TwilioRestException.java
